2021-01-24 00:12:48,138 INFO 47404 [egg-schedule]: register schedule /Users/sherily/Desktop/Petcity/Repo/petcity-back/node_modules/egg-multipart/app/schedule/clean_tmpdir.js
2021-01-24 00:12:48,138 INFO 47404 [egg-schedule]: register schedule /Users/sherily/Desktop/Petcity/Repo/petcity-back/node_modules/egg-logrotator/app/schedule/clean_log.js
2021-01-24 00:12:48,138 INFO 47404 [egg-schedule]: register schedule /Users/sherily/Desktop/Petcity/Repo/petcity-back/node_modules/egg-logrotator/app/schedule/rotate_by_file.js
2021-01-24 00:12:48,138 INFO 47404 [egg-schedule]: register schedule /Users/sherily/Desktop/Petcity/Repo/petcity-back/node_modules/egg-alinode/app/schedule/removeLogs.js
2021-01-24 00:13:32,479 INFO 47450 [egg-schedule]: register schedule /Users/sherily/Desktop/Petcity/Repo/petcity-back/node_modules/egg-multipart/app/schedule/clean_tmpdir.js
2021-01-24 00:13:32,479 INFO 47450 [egg-schedule]: register schedule /Users/sherily/Desktop/Petcity/Repo/petcity-back/node_modules/egg-logrotator/app/schedule/clean_log.js
2021-01-24 00:13:32,479 INFO 47450 [egg-schedule]: register schedule /Users/sherily/Desktop/Petcity/Repo/petcity-back/node_modules/egg-logrotator/app/schedule/rotate_by_file.js
2021-01-24 00:13:32,479 INFO 47450 [egg-schedule]: register schedule /Users/sherily/Desktop/Petcity/Repo/petcity-back/node_modules/egg-alinode/app/schedule/removeLogs.js
2021-01-24 06:20:46,130 INFO 36131 [Timer] /Users/sherily/Desktop/Petcity/Repo/petcity-back/node_modules/egg-multipart/app/schedule/clean_tmpdir.js next time will execute after 79753875ms at 2021-01-25 04:30:00.004
2021-01-24 11:00:08,597 INFO 53018 [egg-schedule]: register schedule /Users/sherily/Desktop/Petcity/Repo/petcity-back/node_modules/egg-multipart/app/schedule/clean_tmpdir.js
2021-01-24 11:00:08,597 INFO 53018 [egg-schedule]: register schedule /Users/sherily/Desktop/Petcity/Repo/petcity-back/node_modules/egg-logrotator/app/schedule/clean_log.js
2021-01-24 11:00:08,597 INFO 53018 [egg-schedule]: register schedule /Users/sherily/Desktop/Petcity/Repo/petcity-back/node_modules/egg-logrotator/app/schedule/rotate_by_file.js
2021-01-24 11:00:08,597 INFO 53018 [egg-schedule]: register schedule /Users/sherily/Desktop/Petcity/Repo/petcity-back/node_modules/egg-alinode/app/schedule/removeLogs.js
2021-01-24 11:06:43,026 INFO 53326 [egg-schedule]: register schedule /Users/sherily/Desktop/Petcity/Repo/petcity-back/node_modules/egg-multipart/app/schedule/clean_tmpdir.js
2021-01-24 11:06:43,026 INFO 53326 [egg-schedule]: register schedule /Users/sherily/Desktop/Petcity/Repo/petcity-back/node_modules/egg-logrotator/app/schedule/clean_log.js
2021-01-24 11:06:43,026 INFO 53326 [egg-schedule]: register schedule /Users/sherily/Desktop/Petcity/Repo/petcity-back/node_modules/egg-logrotator/app/schedule/rotate_by_file.js
2021-01-24 11:06:43,026 INFO 53326 [egg-schedule]: register schedule /Users/sherily/Desktop/Petcity/Repo/petcity-back/node_modules/egg-alinode/app/schedule/removeLogs.js
2021-01-24 11:06:49,336 INFO 53346 [egg-schedule]: register schedule /Users/sherily/Desktop/Petcity/Repo/petcity-back/node_modules/egg-multipart/app/schedule/clean_tmpdir.js
2021-01-24 11:06:49,336 INFO 53346 [egg-schedule]: register schedule /Users/sherily/Desktop/Petcity/Repo/petcity-back/node_modules/egg-logrotator/app/schedule/clean_log.js
2021-01-24 11:06:49,336 INFO 53346 [egg-schedule]: register schedule /Users/sherily/Desktop/Petcity/Repo/petcity-back/node_modules/egg-logrotator/app/schedule/rotate_by_file.js
2021-01-24 11:06:49,336 INFO 53346 [egg-schedule]: register schedule /Users/sherily/Desktop/Petcity/Repo/petcity-back/node_modules/egg-alinode/app/schedule/removeLogs.js
