2021-01-31 11:46:51,506 INFO 14055 [egg-sequelize](1ms) Executed (default): SELECT `ad_id`, `user_id`, `type`, `dog_breed`, `price`, `date`, `start_time`, `duration`, `description`, `region`, `district`, `created_time`, `updated_time` FROM `Advertise` AS `Advertise` ORDER BY `Advertise`.`updated_time` DESC LIMIT 0, 10;
2021-01-31 11:46:51,507 INFO 14055 [egg-sequelize](3ms) Executed (default): SELECT count(DISTINCT(`ad_id`)) AS `count` FROM `Advertise` AS `Advertise`;
2021-01-31 11:46:51,508 INFO 14055 [egg-sequelize](1ms) Executed (default): SELECT `user_id`, `uid`, `first_name`, `last_name`, `email`, `password`, `channel`, `region`, `district`, `detail_address`, `gender`, `avatar`, `created_time`, `updated_time` FROM `User` AS `User` WHERE `User`.`uid` = 'MvB9icKtEsc2ObiD9oJazHMuPmI3' LIMIT 1;
2021-01-31 11:46:51,511 INFO 14055 [egg-sequelize](3ms) Executed (default): SELECT `user_id`, `uid`, `first_name`, `last_name`, `email`, `password`, `channel`, `region`, `district`, `detail_address`, `gender`, `avatar`, `created_time`, `updated_time` FROM `User` AS `User` WHERE `User`.`user_id` = 37;
2021-01-31 11:47:12,173 INFO 14055 [egg-sequelize](0ms) Executed (6408f426-bbd9-4586-9157-451599383648): START TRANSACTION;
2021-01-31 11:47:12,182 INFO 14055 [egg-sequelize](6ms) Executed (6408f426-bbd9-4586-9157-451599383648): SELECT `contacted_id`, `user_id`, `ad_id` FROM `contacted` AS `contacted` WHERE `contacted`.`user_id` = 37 AND `contacted`.`ad_id` = 13 LIMIT 1;
2021-01-31 11:47:12,187 INFO 14055 [egg-sequelize](3ms) Executed (6408f426-bbd9-4586-9157-451599383648): INSERT INTO `contacted` (`contacted_id`,`user_id`,`ad_id`) VALUES (DEFAULT,?,?);
2021-01-31 11:47:12,190 INFO 14055 [egg-sequelize](2ms) Executed (6408f426-bbd9-4586-9157-451599383648): COMMIT;
2021-01-31 11:47:12,317 INFO 14055 [egg-sequelize](1ms) Executed (default): SELECT count(DISTINCT(`ad_id`)) AS `count` FROM `Advertise` AS `Advertise`;
2021-01-31 11:47:12,318 INFO 14055 [egg-sequelize](1ms) Executed (default): SELECT `ad_id`, `user_id`, `type`, `dog_breed`, `price`, `date`, `start_time`, `duration`, `description`, `region`, `district`, `created_time`, `updated_time` FROM `Advertise` AS `Advertise` ORDER BY `Advertise`.`updated_time` DESC LIMIT 0, 10;
2021-01-31 11:47:12,321 INFO 14055 [egg-sequelize](2ms) Executed (default): SELECT `user_id`, `uid`, `first_name`, `last_name`, `email`, `password`, `channel`, `region`, `district`, `detail_address`, `gender`, `avatar`, `created_time`, `updated_time` FROM `User` AS `User` WHERE `User`.`user_id` = 37;
2021-01-31 12:00:35,228 INFO 14055 [egg-sequelize](3ms) Executed (default): SELECT `user_id`, `uid`, `first_name`, `last_name`, `email`, `password`, `channel`, `region`, `district`, `detail_address`, `gender`, `avatar`, `created_time`, `updated_time` FROM `User` AS `User` WHERE `User`.`uid` = 'MvB9icKtEsc2ObiD9oJazHMuPmI3' LIMIT 1;
2021-01-31 12:00:35,230 INFO 14055 [egg-sequelize](6ms) Executed (default): SELECT count(DISTINCT(`ad_id`)) AS `count` FROM `Advertise` AS `Advertise`;
2021-01-31 12:00:35,233 INFO 14055 [egg-sequelize](7ms) Executed (default): SELECT `ad_id`, `user_id`, `type`, `dog_breed`, `price`, `date`, `start_time`, `duration`, `description`, `region`, `district`, `created_time`, `updated_time` FROM `Advertise` AS `Advertise` ORDER BY `Advertise`.`updated_time` DESC LIMIT 0, 10;
2021-01-31 12:00:35,235 INFO 14055 [egg-sequelize](1ms) Executed (default): SELECT `user_id`, `uid`, `first_name`, `last_name`, `email`, `password`, `channel`, `region`, `district`, `detail_address`, `gender`, `avatar`, `created_time`, `updated_time` FROM `User` AS `User` WHERE `User`.`user_id` = 37;
2021-01-31 12:01:01,273 INFO 14055 [egg-sequelize](1ms) Executed (default): SELECT count(DISTINCT(`ad_id`)) AS `count` FROM `Advertise` AS `Advertise` WHERE `Advertise`.`user_id` = 37;
2021-01-31 12:01:01,274 INFO 14055 [egg-sequelize](1ms) Executed (default): SELECT `ad_id`, `user_id`, `type`, `dog_breed`, `price`, `date`, `start_time`, `duration`, `description`, `region`, `district`, `created_time`, `updated_time` FROM `Advertise` AS `Advertise` WHERE `Advertise`.`user_id` = 37 ORDER BY `Advertise`.`updated_time` DESC LIMIT 0, 10;
2021-01-31 12:01:01,275 INFO 14055 [egg-sequelize](1ms) Executed (default): SELECT `user_id`, `uid`, `first_name`, `last_name`, `email`, `password`, `channel`, `region`, `district`, `detail_address`, `gender`, `avatar`, `created_time`, `updated_time` FROM `User` AS `User` WHERE `User`.`user_id` = 37;
2021-01-31 12:05:15,971 INFO 14055 [egg-sequelize](2ms) Executed (default): SELECT count(DISTINCT(`ad_id`)) AS `count` FROM `Advertise` AS `Advertise` WHERE `Advertise`.`user_id` = 37;
2021-01-31 12:05:15,973 INFO 14055 [egg-sequelize](3ms) Executed (default): SELECT `ad_id`, `user_id`, `type`, `dog_breed`, `price`, `date`, `start_time`, `duration`, `description`, `region`, `district`, `created_time`, `updated_time` FROM `Advertise` AS `Advertise` WHERE `Advertise`.`user_id` = 37 ORDER BY `Advertise`.`updated_time` DESC LIMIT 0, 10;
2021-01-31 12:05:15,981 INFO 14055 [egg-sequelize](2ms) Executed (default): SELECT `user_id`, `uid`, `first_name`, `last_name`, `email`, `password`, `channel`, `region`, `district`, `detail_address`, `gender`, `avatar`, `created_time`, `updated_time` FROM `User` AS `User` WHERE `User`.`user_id` = 37;
2021-01-31 12:25:34,349 INFO 14055 [egg-sequelize](1ms) Executed (default): SELECT `ad_id`, `user_id`, `type`, `dog_breed`, `price`, `date`, `start_time`, `duration`, `description`, `region`, `district`, `created_time`, `updated_time` FROM `Advertise` AS `Advertise` WHERE `Advertise`.`user_id` = 37 ORDER BY `Advertise`.`updated_time` DESC LIMIT 0, 10;
2021-01-31 12:25:34,350 INFO 14055 [egg-sequelize](2ms) Executed (default): SELECT count(DISTINCT(`ad_id`)) AS `count` FROM `Advertise` AS `Advertise` WHERE `Advertise`.`user_id` = 37;
2021-01-31 12:25:34,351 INFO 14055 [egg-sequelize](0ms) Executed (default): SELECT `user_id`, `uid`, `first_name`, `last_name`, `email`, `password`, `channel`, `region`, `district`, `detail_address`, `gender`, `avatar`, `created_time`, `updated_time` FROM `User` AS `User` WHERE `User`.`user_id` = 37;
2021-01-31 12:25:59,485 INFO 14055 [egg-sequelize](1ms) Executed (default): SELECT `ad_id`, `user_id`, `type`, `dog_breed`, `price`, `date`, `start_time`, `duration`, `description`, `region`, `district`, `created_time`, `updated_time` FROM `Advertise` AS `Advertise` WHERE (`Advertise`.`ad_id` = 13 AND `Advertise`.`user_id` = 37) LIMIT 1;
2021-01-31 12:25:59,494 INFO 14055 [egg-sequelize](7ms) Executed (default): DELETE FROM `Advertise` WHERE (`ad_id` = 13 AND `user_id` = 37)
2021-01-31 12:25:59,496 INFO 14055 [egg-sequelize](1ms) Executed (29ddf3fd-c17d-4039-aad4-4063103f1609): START TRANSACTION;
2021-01-31 12:25:59,501 INFO 14055 [egg-sequelize](3ms) Executed (29ddf3fd-c17d-4039-aad4-4063103f1609): SELECT `contacted_id`, `user_id`, `ad_id` FROM `contacted` AS `contacted` WHERE `contacted`.`ad_id` = 13 LIMIT 1;
2021-01-31 12:25:59,502 INFO 14055 [egg-sequelize](0ms) Executed (29ddf3fd-c17d-4039-aad4-4063103f1609): COMMIT;
2021-01-31 12:25:59,506 INFO 14055 [egg-sequelize](4ms) Executed (default): DELETE FROM `contacted` WHERE `ad_id` = 13
2021-01-31 12:25:59,632 INFO 14055 [egg-sequelize](1ms) Executed (default): SELECT count(DISTINCT(`ad_id`)) AS `count` FROM `Advertise` AS `Advertise` WHERE `Advertise`.`user_id` = 37;
2021-01-31 12:25:59,634 INFO 14055 [egg-sequelize](0ms) Executed (default): SELECT `ad_id`, `user_id`, `type`, `dog_breed`, `price`, `date`, `start_time`, `duration`, `description`, `region`, `district`, `created_time`, `updated_time` FROM `Advertise` AS `Advertise` WHERE `Advertise`.`user_id` = 37 ORDER BY `Advertise`.`updated_time` DESC LIMIT 0, 10;
2021-01-31 12:56:49,567 INFO 14055 [egg-sequelize](1ms) Executed (default): SELECT count(DISTINCT(`ad_id`)) AS `count` FROM `Advertise` AS `Advertise` WHERE `Advertise`.`user_id` = 37;
2021-01-31 12:56:49,568 INFO 14055 [egg-sequelize](1ms) Executed (default): SELECT `ad_id`, `user_id`, `type`, `dog_breed`, `price`, `date`, `start_time`, `duration`, `description`, `region`, `district`, `created_time`, `updated_time` FROM `Advertise` AS `Advertise` WHERE `Advertise`.`user_id` = 37 ORDER BY `Advertise`.`updated_time` DESC LIMIT 0, 10;
2021-01-31 12:56:50,418 INFO 14055 [egg-sequelize](1ms) Executed (default): SELECT `user_id`, `uid`, `first_name`, `last_name`, `email`, `password`, `channel`, `region`, `district`, `detail_address`, `gender`, `avatar`, `created_time`, `updated_time` FROM `User` AS `User` WHERE `User`.`uid` = 'MvB9icKtEsc2ObiD9oJazHMuPmI3' LIMIT 1;
2021-01-31 12:56:50,425 INFO 14055 [egg-sequelize](1ms) Executed (default): SELECT count(DISTINCT(`ad_id`)) AS `count` FROM `Advertise` AS `Advertise`;
2021-01-31 12:56:50,425 INFO 14055 [egg-sequelize](1ms) Executed (default): SELECT `ad_id`, `user_id`, `type`, `dog_breed`, `price`, `date`, `start_time`, `duration`, `description`, `region`, `district`, `created_time`, `updated_time` FROM `Advertise` AS `Advertise` ORDER BY `Advertise`.`updated_time` DESC LIMIT 0, 10;
2021-01-31 12:57:39,748 INFO 14055 [egg-sequelize](6ms) Executed (default): INSERT INTO `Advertise` (`ad_id`,`user_id`,`type`,`dog_breed`,`price`,`date`,`start_time`,`duration`,`description`,`region`,`district`,`created_time`,`updated_time`) VALUES (DEFAULT,?,?,?,?,?,?,?,?,?,?,?,?);
2021-01-31 12:57:39,900 INFO 14055 [egg-sequelize](1ms) Executed (default): SELECT count(DISTINCT(`ad_id`)) AS `count` FROM `Advertise` AS `Advertise`;
2021-01-31 12:57:39,902 INFO 14055 [egg-sequelize](1ms) Executed (default): SELECT `ad_id`, `user_id`, `type`, `dog_breed`, `price`, `date`, `start_time`, `duration`, `description`, `region`, `district`, `created_time`, `updated_time` FROM `Advertise` AS `Advertise` ORDER BY `Advertise`.`updated_time` DESC LIMIT 0, 10;
2021-01-31 12:57:39,904 INFO 14055 [egg-sequelize](1ms) Executed (default): SELECT `user_id`, `uid`, `first_name`, `last_name`, `email`, `password`, `channel`, `region`, `district`, `detail_address`, `gender`, `avatar`, `created_time`, `updated_time` FROM `User` AS `User` WHERE `User`.`user_id` = 37;
2021-01-31 12:57:39,915 INFO 14055 [egg-sequelize](1ms) Executed (default): SELECT `user_id`, `uid`, `first_name`, `last_name`, `email`, `password`, `channel`, `region`, `district`, `detail_address`, `gender`, `avatar`, `created_time`, `updated_time` FROM `User` AS `User` WHERE `User`.`uid` = 'MvB9icKtEsc2ObiD9oJazHMuPmI3' LIMIT 1;
2021-01-31 12:57:39,927 INFO 14055 [egg-sequelize](2ms) Executed (default): SELECT count(DISTINCT(`ad_id`)) AS `count` FROM `Advertise` AS `Advertise`;
2021-01-31 12:57:39,928 INFO 14055 [egg-sequelize](3ms) Executed (default): SELECT `ad_id`, `user_id`, `type`, `dog_breed`, `price`, `date`, `start_time`, `duration`, `description`, `region`, `district`, `created_time`, `updated_time` FROM `Advertise` AS `Advertise` ORDER BY `Advertise`.`updated_time` DESC LIMIT 0, 10;
2021-01-31 12:57:39,929 INFO 14055 [egg-sequelize](1ms) Executed (default): SELECT `user_id`, `uid`, `first_name`, `last_name`, `email`, `password`, `channel`, `region`, `district`, `detail_address`, `gender`, `avatar`, `created_time`, `updated_time` FROM `User` AS `User` WHERE `User`.`user_id` = 37;
2021-01-31 12:57:47,103 INFO 14055 [egg-sequelize](0ms) Executed (default): SELECT `ad_id`, `user_id`, `type`, `dog_breed`, `price`, `date`, `start_time`, `duration`, `description`, `region`, `district`, `created_time`, `updated_time` FROM `Advertise` AS `Advertise` WHERE `Advertise`.`user_id` = 37 ORDER BY `Advertise`.`updated_time` DESC LIMIT 0, 10;
2021-01-31 12:57:47,104 INFO 14055 [egg-sequelize](1ms) Executed (default): SELECT count(DISTINCT(`ad_id`)) AS `count` FROM `Advertise` AS `Advertise` WHERE `Advertise`.`user_id` = 37;
2021-01-31 12:57:47,105 INFO 14055 [egg-sequelize](1ms) Executed (default): SELECT `user_id`, `uid`, `first_name`, `last_name`, `email`, `password`, `channel`, `region`, `district`, `detail_address`, `gender`, `avatar`, `created_time`, `updated_time` FROM `User` AS `User` WHERE `User`.`user_id` = 37;
2021-01-31 12:58:35,724 INFO 14055 [egg-sequelize](4ms) Executed (default): UPDATE `Advertise` SET `date`=? WHERE `ad_id` = ? AND `user_id` = ? AND `type` = ?
2021-01-31 12:58:35,961 INFO 14055 [egg-sequelize](3ms) Executed (default): SELECT count(DISTINCT(`ad_id`)) AS `count` FROM `Advertise` AS `Advertise` WHERE `Advertise`.`user_id` = 37;
2021-01-31 12:58:35,963 INFO 14055 [egg-sequelize](1ms) Executed (default): SELECT `ad_id`, `user_id`, `type`, `dog_breed`, `price`, `date`, `start_time`, `duration`, `description`, `region`, `district`, `created_time`, `updated_time` FROM `Advertise` AS `Advertise` WHERE `Advertise`.`user_id` = 37 ORDER BY `Advertise`.`updated_time` DESC LIMIT 0, 10;
2021-01-31 12:58:35,968 INFO 14055 [egg-sequelize](2ms) Executed (default): SELECT `user_id`, `uid`, `first_name`, `last_name`, `email`, `password`, `channel`, `region`, `district`, `detail_address`, `gender`, `avatar`, `created_time`, `updated_time` FROM `User` AS `User` WHERE `User`.`user_id` = 37;
2021-01-31 12:58:35,981 INFO 14055 [egg-sequelize](3ms) Executed (default): SELECT count(DISTINCT(`ad_id`)) AS `count` FROM `Advertise` AS `Advertise` WHERE `Advertise`.`user_id` = 37;
2021-01-31 12:58:35,982 INFO 14055 [egg-sequelize](3ms) Executed (default): SELECT `ad_id`, `user_id`, `type`, `dog_breed`, `price`, `date`, `start_time`, `duration`, `description`, `region`, `district`, `created_time`, `updated_time` FROM `Advertise` AS `Advertise` WHERE `Advertise`.`user_id` = 37 ORDER BY `Advertise`.`updated_time` DESC LIMIT 0, 10;
2021-01-31 12:58:35,984 INFO 14055 [egg-sequelize](1ms) Executed (default): SELECT `user_id`, `uid`, `first_name`, `last_name`, `email`, `password`, `channel`, `region`, `district`, `detail_address`, `gender`, `avatar`, `created_time`, `updated_time` FROM `User` AS `User` WHERE `User`.`user_id` = 37;
2021-01-31 13:01:54,508 INFO 14055 [egg-sequelize](1ms) Executed (default): SELECT count(DISTINCT(`ad_id`)) AS `count` FROM `Advertise` AS `Advertise` WHERE `Advertise`.`user_id` = 37;
2021-01-31 13:01:54,509 INFO 14055 [egg-sequelize](1ms) Executed (default): SELECT `ad_id`, `user_id`, `type`, `dog_breed`, `price`, `date`, `start_time`, `duration`, `description`, `region`, `district`, `created_time`, `updated_time` FROM `Advertise` AS `Advertise` WHERE `Advertise`.`user_id` = 37 ORDER BY `Advertise`.`updated_time` DESC LIMIT 0, 10;
2021-01-31 13:01:54,513 INFO 14055 [egg-sequelize](3ms) Executed (default): SELECT `user_id`, `uid`, `first_name`, `last_name`, `email`, `password`, `channel`, `region`, `district`, `detail_address`, `gender`, `avatar`, `created_time`, `updated_time` FROM `User` AS `User` WHERE `User`.`user_id` = 37;
2021-01-31 13:10:08,477 INFO 14055 [egg-sequelize](1ms) Executed (default): SELECT count(DISTINCT(`ad_id`)) AS `count` FROM `Advertise` AS `Advertise` WHERE `Advertise`.`user_id` = 37;
2021-01-31 13:10:08,478 INFO 14055 [egg-sequelize](1ms) Executed (default): SELECT `ad_id`, `user_id`, `type`, `dog_breed`, `price`, `date`, `start_time`, `duration`, `description`, `region`, `district`, `created_time`, `updated_time` FROM `Advertise` AS `Advertise` WHERE `Advertise`.`user_id` = 37 ORDER BY `Advertise`.`updated_time` DESC LIMIT 0, 10;
2021-01-31 13:10:08,481 INFO 14055 [egg-sequelize](2ms) Executed (default): SELECT `user_id`, `uid`, `first_name`, `last_name`, `email`, `password`, `channel`, `region`, `district`, `detail_address`, `gender`, `avatar`, `created_time`, `updated_time` FROM `User` AS `User` WHERE `User`.`user_id` = 37;
2021-01-31 13:10:30,193 INFO 14055 [egg-sequelize](4ms) Executed (default): UPDATE `Advertise` SET `dog_breed`=? WHERE `ad_id` = ? AND `user_id` = ? AND `type` = ?
2021-01-31 13:10:30,334 INFO 14055 [egg-sequelize](2ms) Executed (default): SELECT count(DISTINCT(`ad_id`)) AS `count` FROM `Advertise` AS `Advertise` WHERE `Advertise`.`user_id` = 37;
2021-01-31 13:10:30,336 INFO 14055 [egg-sequelize](1ms) Executed (default): SELECT `ad_id`, `user_id`, `type`, `dog_breed`, `price`, `date`, `start_time`, `duration`, `description`, `region`, `district`, `created_time`, `updated_time` FROM `Advertise` AS `Advertise` WHERE `Advertise`.`user_id` = 37 ORDER BY `Advertise`.`updated_time` DESC LIMIT 0, 10;
2021-01-31 13:10:30,341 INFO 14055 [egg-sequelize](2ms) Executed (default): SELECT `user_id`, `uid`, `first_name`, `last_name`, `email`, `password`, `channel`, `region`, `district`, `detail_address`, `gender`, `avatar`, `created_time`, `updated_time` FROM `User` AS `User` WHERE `User`.`user_id` = 37;
2021-01-31 13:10:30,371 INFO 14055 [egg-sequelize](4ms) Executed (default): SELECT count(DISTINCT(`ad_id`)) AS `count` FROM `Advertise` AS `Advertise` WHERE `Advertise`.`user_id` = 37;
2021-01-31 13:10:30,372 INFO 14055 [egg-sequelize](5ms) Executed (default): SELECT `ad_id`, `user_id`, `type`, `dog_breed`, `price`, `date`, `start_time`, `duration`, `description`, `region`, `district`, `created_time`, `updated_time` FROM `Advertise` AS `Advertise` WHERE `Advertise`.`user_id` = 37 ORDER BY `Advertise`.`updated_time` DESC LIMIT 0, 10;
2021-01-31 13:10:30,374 INFO 14055 [egg-sequelize](2ms) Executed (default): SELECT `user_id`, `uid`, `first_name`, `last_name`, `email`, `password`, `channel`, `region`, `district`, `detail_address`, `gender`, `avatar`, `created_time`, `updated_time` FROM `User` AS `User` WHERE `User`.`user_id` = 37;
2021-01-31 13:18:30,540 INFO 14055 [egg-sequelize](1ms) Executed (default): SELECT count(DISTINCT(`ad_id`)) AS `count` FROM `Advertise` AS `Advertise` WHERE `Advertise`.`user_id` = 37;
2021-01-31 13:18:30,541 INFO 14055 [egg-sequelize](2ms) Executed (default): SELECT `ad_id`, `user_id`, `type`, `dog_breed`, `price`, `date`, `start_time`, `duration`, `description`, `region`, `district`, `created_time`, `updated_time` FROM `Advertise` AS `Advertise` WHERE `Advertise`.`user_id` = 37 ORDER BY `Advertise`.`updated_time` DESC LIMIT 0, 10;
2021-01-31 13:18:30,542 INFO 14055 [egg-sequelize](1ms) Executed (default): SELECT `user_id`, `uid`, `first_name`, `last_name`, `email`, `password`, `channel`, `region`, `district`, `detail_address`, `gender`, `avatar`, `created_time`, `updated_time` FROM `User` AS `User` WHERE `User`.`user_id` = 37;
2021-01-31 13:18:32,171 INFO 14055 [egg-sequelize](5ms) Executed (default): SELECT `user_id`, `uid`, `first_name`, `last_name`, `email`, `password`, `channel`, `region`, `district`, `detail_address`, `gender`, `avatar`, `created_time`, `updated_time` FROM `User` AS `User` WHERE `User`.`uid` = 'MvB9icKtEsc2ObiD9oJazHMuPmI3' LIMIT 1;
2021-01-31 13:18:32,173 INFO 14055 [egg-sequelize](1ms) Executed (default): SELECT count(DISTINCT(`ad_id`)) AS `count` FROM `Advertise` AS `Advertise`;
2021-01-31 13:18:32,174 INFO 14055 [egg-sequelize](1ms) Executed (default): SELECT `ad_id`, `user_id`, `type`, `dog_breed`, `price`, `date`, `start_time`, `duration`, `description`, `region`, `district`, `created_time`, `updated_time` FROM `Advertise` AS `Advertise` ORDER BY `Advertise`.`updated_time` DESC LIMIT 0, 10;
2021-01-31 13:18:32,177 INFO 14055 [egg-sequelize](3ms) Executed (default): SELECT `user_id`, `uid`, `first_name`, `last_name`, `email`, `password`, `channel`, `region`, `district`, `detail_address`, `gender`, `avatar`, `created_time`, `updated_time` FROM `User` AS `User` WHERE `User`.`user_id` = 37;
2021-01-31 13:18:34,324 INFO 14055 [egg-sequelize](2ms) Executed (default): SELECT count(DISTINCT(`ad_id`)) AS `count` FROM `Advertise` AS `Advertise` WHERE `Advertise`.`user_id` = 37;
2021-01-31 13:18:34,325 INFO 14055 [egg-sequelize](2ms) Executed (default): SELECT `ad_id`, `user_id`, `type`, `dog_breed`, `price`, `date`, `start_time`, `duration`, `description`, `region`, `district`, `created_time`, `updated_time` FROM `Advertise` AS `Advertise` WHERE `Advertise`.`user_id` = 37 ORDER BY `Advertise`.`updated_time` DESC LIMIT 0, 10;
2021-01-31 13:18:34,327 INFO 14055 [egg-sequelize](1ms) Executed (default): SELECT `user_id`, `uid`, `first_name`, `last_name`, `email`, `password`, `channel`, `region`, `district`, `detail_address`, `gender`, `avatar`, `created_time`, `updated_time` FROM `User` AS `User` WHERE `User`.`user_id` = 37;
2021-01-31 13:18:35,056 INFO 14055 [egg-sequelize](5ms) Executed (default): SELECT `user_id`, `uid`, `first_name`, `last_name`, `email`, `password`, `channel`, `region`, `district`, `detail_address`, `gender`, `avatar`, `created_time`, `updated_time` FROM `User` AS `User` WHERE `User`.`uid` = 'MvB9icKtEsc2ObiD9oJazHMuPmI3' LIMIT 1;
2021-01-31 13:18:35,058 INFO 14055 [egg-sequelize](1ms) Executed (default): SELECT `ad_id`, `user_id`, `type`, `dog_breed`, `price`, `date`, `start_time`, `duration`, `description`, `region`, `district`, `created_time`, `updated_time` FROM `Advertise` AS `Advertise` ORDER BY `Advertise`.`updated_time` DESC LIMIT 0, 10;
2021-01-31 13:18:35,058 INFO 14055 [egg-sequelize](4ms) Executed (default): SELECT count(DISTINCT(`ad_id`)) AS `count` FROM `Advertise` AS `Advertise`;
2021-01-31 13:18:35,062 INFO 14055 [egg-sequelize](2ms) Executed (default): SELECT `user_id`, `uid`, `first_name`, `last_name`, `email`, `password`, `channel`, `region`, `district`, `detail_address`, `gender`, `avatar`, `created_time`, `updated_time` FROM `User` AS `User` WHERE `User`.`user_id` = 37;
2021-01-31 13:18:37,092 INFO 14055 [egg-sequelize](1ms) Executed (default): SELECT count(DISTINCT(`contacted_id`)) AS `count` FROM `contacted` AS `contacted` WHERE `contacted`.`user_id` = 37;
2021-01-31 13:18:37,092 INFO 14055 [egg-sequelize](1ms) Executed (default): SELECT `contacted_id`, `user_id`, `ad_id` FROM `contacted` AS `contacted` WHERE `contacted`.`user_id` = 37 LIMIT 0, 10;
2021-01-31 13:18:37,908 INFO 14055 [egg-sequelize](1ms) Executed (default): SELECT count(DISTINCT(`ad_id`)) AS `count` FROM `Advertise` AS `Advertise`;
2021-01-31 13:18:37,910 INFO 14055 [egg-sequelize](2ms) Executed (default): SELECT `user_id`, `uid`, `first_name`, `last_name`, `email`, `password`, `channel`, `region`, `district`, `detail_address`, `gender`, `avatar`, `created_time`, `updated_time` FROM `User` AS `User` WHERE `User`.`uid` = 'MvB9icKtEsc2ObiD9oJazHMuPmI3' LIMIT 1;
2021-01-31 13:18:37,911 INFO 14055 [egg-sequelize](4ms) Executed (default): SELECT `ad_id`, `user_id`, `type`, `dog_breed`, `price`, `date`, `start_time`, `duration`, `description`, `region`, `district`, `created_time`, `updated_time` FROM `Advertise` AS `Advertise` ORDER BY `Advertise`.`updated_time` DESC LIMIT 0, 10;
2021-01-31 13:18:37,912 INFO 14055 [egg-sequelize](1ms) Executed (default): SELECT `user_id`, `uid`, `first_name`, `last_name`, `email`, `password`, `channel`, `region`, `district`, `detail_address`, `gender`, `avatar`, `created_time`, `updated_time` FROM `User` AS `User` WHERE `User`.`user_id` = 37;
2021-01-31 13:18:40,263 INFO 14055 [egg-sequelize](1ms) Executed (c4dcac2b-1913-44f0-810d-198c993e5434): START TRANSACTION;
2021-01-31 13:18:40,266 INFO 14055 [egg-sequelize](2ms) Executed (c4dcac2b-1913-44f0-810d-198c993e5434): SELECT `contacted_id`, `user_id`, `ad_id` FROM `contacted` AS `contacted` WHERE `contacted`.`user_id` = 37 AND `contacted`.`ad_id` = 14 LIMIT 1;
2021-01-31 13:18:40,270 INFO 14055 [egg-sequelize](3ms) Executed (c4dcac2b-1913-44f0-810d-198c993e5434): INSERT INTO `contacted` (`contacted_id`,`user_id`,`ad_id`) VALUES (DEFAULT,?,?);
2021-01-31 13:18:40,275 INFO 14055 [egg-sequelize](4ms) Executed (c4dcac2b-1913-44f0-810d-198c993e5434): COMMIT;
2021-01-31 13:18:40,399 INFO 14055 [egg-sequelize](1ms) Executed (default): SELECT count(DISTINCT(`ad_id`)) AS `count` FROM `Advertise` AS `Advertise`;
2021-01-31 13:18:40,400 INFO 14055 [egg-sequelize](2ms) Executed (default): SELECT `ad_id`, `user_id`, `type`, `dog_breed`, `price`, `date`, `start_time`, `duration`, `description`, `region`, `district`, `created_time`, `updated_time` FROM `Advertise` AS `Advertise` ORDER BY `Advertise`.`updated_time` DESC LIMIT 0, 10;
2021-01-31 13:18:40,402 INFO 14055 [egg-sequelize](1ms) Executed (default): SELECT `user_id`, `uid`, `first_name`, `last_name`, `email`, `password`, `channel`, `region`, `district`, `detail_address`, `gender`, `avatar`, `created_time`, `updated_time` FROM `User` AS `User` WHERE `User`.`user_id` = 37;
2021-01-31 13:18:42,207 INFO 14055 [egg-sequelize](1ms) Executed (default): SELECT `contacted_id`, `user_id`, `ad_id` FROM `contacted` AS `contacted` WHERE `contacted`.`user_id` = 37 LIMIT 0, 10;
2021-01-31 13:18:42,209 INFO 14055 [egg-sequelize](3ms) Executed (default): SELECT count(DISTINCT(`contacted_id`)) AS `count` FROM `contacted` AS `contacted` WHERE `contacted`.`user_id` = 37;
2021-01-31 13:18:42,212 INFO 14055 [egg-sequelize](2ms) Executed (default): SELECT `ad_id`, `user_id`, `type`, `dog_breed`, `price`, `date`, `start_time`, `duration`, `description`, `region`, `district`, `created_time`, `updated_time` FROM `Advertise` AS `Advertise` WHERE `Advertise`.`ad_id` = 14;
2021-01-31 13:18:42,214 INFO 14055 [egg-sequelize](1ms) Executed (default): SELECT `user_id`, `uid`, `first_name`, `last_name`, `email`, `password`, `channel`, `region`, `district`, `detail_address`, `gender`, `avatar`, `created_time`, `updated_time` FROM `User` AS `User` WHERE `User`.`user_id` = 37;
2021-01-31 13:18:58,885 INFO 14055 [egg-sequelize](1ms) Executed (default): SELECT `user_id`, `uid`, `first_name`, `last_name`, `email`, `password`, `channel`, `region`, `district`, `detail_address`, `gender`, `avatar`, `created_time`, `updated_time` FROM `User` AS `User` WHERE `User`.`uid` = 'MvB9icKtEsc2ObiD9oJazHMuPmI3' LIMIT 1;
2021-01-31 13:18:58,888 INFO 14055 [egg-sequelize](3ms) Executed (default): SELECT count(DISTINCT(`ad_id`)) AS `count` FROM `Advertise` AS `Advertise`;
2021-01-31 13:18:58,889 INFO 14055 [egg-sequelize](4ms) Executed (default): SELECT `ad_id`, `user_id`, `type`, `dog_breed`, `price`, `date`, `start_time`, `duration`, `description`, `region`, `district`, `created_time`, `updated_time` FROM `Advertise` AS `Advertise` ORDER BY `Advertise`.`updated_time` DESC LIMIT 0, 10;
2021-01-31 13:18:58,891 INFO 14055 [egg-sequelize](1ms) Executed (default): SELECT `user_id`, `uid`, `first_name`, `last_name`, `email`, `password`, `channel`, `region`, `district`, `detail_address`, `gender`, `avatar`, `created_time`, `updated_time` FROM `User` AS `User` WHERE `User`.`user_id` = 37;
2021-01-31 13:19:01,881 INFO 14055 [egg-sequelize](2ms) Executed (default): SELECT count(DISTINCT(`contacted_id`)) AS `count` FROM `contacted` AS `contacted` WHERE `contacted`.`user_id` = 37;
2021-01-31 13:19:01,882 INFO 14055 [egg-sequelize](3ms) Executed (default): SELECT `contacted_id`, `user_id`, `ad_id` FROM `contacted` AS `contacted` WHERE `contacted`.`user_id` = 37 LIMIT 0, 10;
2021-01-31 13:19:01,884 INFO 14055 [egg-sequelize](1ms) Executed (default): SELECT `ad_id`, `user_id`, `type`, `dog_breed`, `price`, `date`, `start_time`, `duration`, `description`, `region`, `district`, `created_time`, `updated_time` FROM `Advertise` AS `Advertise` WHERE `Advertise`.`ad_id` = 14;
2021-01-31 13:19:01,886 INFO 14055 [egg-sequelize](1ms) Executed (default): SELECT `user_id`, `uid`, `first_name`, `last_name`, `email`, `password`, `channel`, `region`, `district`, `detail_address`, `gender`, `avatar`, `created_time`, `updated_time` FROM `User` AS `User` WHERE `User`.`user_id` = 37;
2021-01-31 13:19:25,555 INFO 14055 [egg-sequelize](1ms) Executed (default): SELECT `contacted_id`, `user_id`, `ad_id` FROM `contacted` AS `contacted` WHERE (`contacted`.`contacted_id` = 14 AND `contacted`.`user_id` = 37) LIMIT 1;
2021-01-31 13:19:25,564 INFO 14055 [egg-sequelize](5ms) Executed (default): DELETE FROM `contacted` WHERE (`contacted_id` = 14 AND `user_id` = 37)
2021-01-31 13:19:25,648 INFO 14055 [egg-sequelize](2ms) Executed (default): SELECT count(DISTINCT(`contacted_id`)) AS `count` FROM `contacted` AS `contacted` WHERE `contacted`.`user_id` = 37;
2021-01-31 13:19:25,649 INFO 14055 [egg-sequelize](1ms) Executed (default): SELECT `contacted_id`, `user_id`, `ad_id` FROM `contacted` AS `contacted` WHERE `contacted`.`user_id` = 37 LIMIT 0, 10;
2021-01-31 13:20:51,545 INFO 14055 [egg-sequelize](1ms) Executed (default): SELECT `contacted_id`, `user_id`, `ad_id` FROM `contacted` AS `contacted` WHERE `contacted`.`user_id` = 37 LIMIT 0, 10;
2021-01-31 13:20:51,546 INFO 14055 [egg-sequelize](2ms) Executed (default): SELECT count(DISTINCT(`contacted_id`)) AS `count` FROM `contacted` AS `contacted` WHERE `contacted`.`user_id` = 37;
2021-01-31 13:20:54,647 INFO 14055 [egg-sequelize](1ms) Executed (default): SELECT count(DISTINCT(`ad_id`)) AS `count` FROM `Advertise` AS `Advertise`;
2021-01-31 13:20:54,648 INFO 14055 [egg-sequelize](1ms) Executed (default): SELECT `ad_id`, `user_id`, `type`, `dog_breed`, `price`, `date`, `start_time`, `duration`, `description`, `region`, `district`, `created_time`, `updated_time` FROM `Advertise` AS `Advertise` ORDER BY `Advertise`.`updated_time` DESC LIMIT 0, 10;
2021-01-31 13:20:54,650 INFO 14055 [egg-sequelize](1ms) Executed (default): SELECT `user_id`, `uid`, `first_name`, `last_name`, `email`, `password`, `channel`, `region`, `district`, `detail_address`, `gender`, `avatar`, `created_time`, `updated_time` FROM `User` AS `User` WHERE `User`.`user_id` = 37;
2021-01-31 13:20:54,703 INFO 14055 [egg-sequelize](0ms) Executed (default): SELECT `user_id`, `uid`, `first_name`, `last_name`, `email`, `password`, `channel`, `region`, `district`, `detail_address`, `gender`, `avatar`, `created_time`, `updated_time` FROM `User` AS `User` WHERE `User`.`uid` = 'MvB9icKtEsc2ObiD9oJazHMuPmI3' LIMIT 1;
2021-01-31 13:20:58,817 INFO 14055 [egg-sequelize](0ms) Executed (869c7d9e-e2fa-43c9-a093-399397eb98ec): START TRANSACTION;
2021-01-31 13:20:58,819 INFO 14055 [egg-sequelize](1ms) Executed (869c7d9e-e2fa-43c9-a093-399397eb98ec): SELECT `contacted_id`, `user_id`, `ad_id` FROM `contacted` AS `contacted` WHERE `contacted`.`user_id` = 37 AND `contacted`.`ad_id` = 14 LIMIT 1;
2021-01-31 13:20:58,822 INFO 14055 [egg-sequelize](1ms) Executed (869c7d9e-e2fa-43c9-a093-399397eb98ec): INSERT INTO `contacted` (`contacted_id`,`user_id`,`ad_id`) VALUES (DEFAULT,?,?);
2021-01-31 13:20:58,823 INFO 14055 [egg-sequelize](1ms) Executed (869c7d9e-e2fa-43c9-a093-399397eb98ec): COMMIT;
2021-01-31 13:20:58,911 INFO 14055 [egg-sequelize](1ms) Executed (default): SELECT count(DISTINCT(`ad_id`)) AS `count` FROM `Advertise` AS `Advertise`;
2021-01-31 13:20:58,911 INFO 14055 [egg-sequelize](1ms) Executed (default): SELECT `ad_id`, `user_id`, `type`, `dog_breed`, `price`, `date`, `start_time`, `duration`, `description`, `region`, `district`, `created_time`, `updated_time` FROM `Advertise` AS `Advertise` ORDER BY `Advertise`.`updated_time` DESC LIMIT 0, 10;
2021-01-31 13:20:58,912 INFO 14055 [egg-sequelize](0ms) Executed (default): SELECT `user_id`, `uid`, `first_name`, `last_name`, `email`, `password`, `channel`, `region`, `district`, `detail_address`, `gender`, `avatar`, `created_time`, `updated_time` FROM `User` AS `User` WHERE `User`.`user_id` = 37;
2021-01-31 13:21:01,080 INFO 14055 [egg-sequelize](0ms) Executed (default): SELECT `contacted_id`, `user_id`, `ad_id` FROM `contacted` AS `contacted` WHERE `contacted`.`user_id` = 37 LIMIT 0, 10;
2021-01-31 13:21:01,080 INFO 14055 [egg-sequelize](1ms) Executed (default): SELECT count(DISTINCT(`contacted_id`)) AS `count` FROM `contacted` AS `contacted` WHERE `contacted`.`user_id` = 37;
2021-01-31 13:21:01,083 INFO 14055 [egg-sequelize](2ms) Executed (default): SELECT `ad_id`, `user_id`, `type`, `dog_breed`, `price`, `date`, `start_time`, `duration`, `description`, `region`, `district`, `created_time`, `updated_time` FROM `Advertise` AS `Advertise` WHERE `Advertise`.`ad_id` = 14;
2021-01-31 13:21:01,085 INFO 14055 [egg-sequelize](1ms) Executed (default): SELECT `user_id`, `uid`, `first_name`, `last_name`, `email`, `password`, `channel`, `region`, `district`, `detail_address`, `gender`, `avatar`, `created_time`, `updated_time` FROM `User` AS `User` WHERE `User`.`user_id` = 37;
2021-01-31 13:21:34,057 INFO 14055 [egg-sequelize](0ms) Executed (default): SELECT `contacted_id`, `user_id`, `ad_id` FROM `contacted` AS `contacted` WHERE (`contacted`.`contacted_id` = 15 AND `contacted`.`user_id` = 37) LIMIT 1;
2021-01-31 13:21:34,065 INFO 14055 [egg-sequelize](7ms) Executed (default): DELETE FROM `contacted` WHERE (`contacted_id` = 15 AND `user_id` = 37)
2021-01-31 13:21:34,150 INFO 14055 [egg-sequelize](2ms) Executed (default): SELECT count(DISTINCT(`contacted_id`)) AS `count` FROM `contacted` AS `contacted` WHERE `contacted`.`user_id` = 37;
2021-01-31 13:21:34,151 INFO 14055 [egg-sequelize](1ms) Executed (default): SELECT `contacted_id`, `user_id`, `ad_id` FROM `contacted` AS `contacted` WHERE `contacted`.`user_id` = 37 LIMIT 0, 10;
2021-01-31 13:25:48,333 INFO 14055 [egg-sequelize](0ms) Executed (default): SELECT count(DISTINCT(`ad_id`)) AS `count` FROM `Advertise` AS `Advertise`;
2021-01-31 13:25:48,334 INFO 14055 [egg-sequelize](0ms) Executed (default): SELECT `ad_id`, `user_id`, `type`, `dog_breed`, `price`, `date`, `start_time`, `duration`, `description`, `region`, `district`, `created_time`, `updated_time` FROM `Advertise` AS `Advertise` ORDER BY `Advertise`.`updated_time` DESC LIMIT 0, 10;
2021-01-31 13:25:48,341 INFO 14055 [egg-sequelize](6ms) Executed (default): SELECT `user_id`, `uid`, `first_name`, `last_name`, `email`, `password`, `channel`, `region`, `district`, `detail_address`, `gender`, `avatar`, `created_time`, `updated_time` FROM `User` AS `User` WHERE `User`.`uid` = 'MvB9icKtEsc2ObiD9oJazHMuPmI3' LIMIT 1;
2021-01-31 13:25:48,343 INFO 14055 [egg-sequelize](6ms) Executed (default): SELECT `user_id`, `uid`, `first_name`, `last_name`, `email`, `password`, `channel`, `region`, `district`, `detail_address`, `gender`, `avatar`, `created_time`, `updated_time` FROM `User` AS `User` WHERE `User`.`user_id` = 37;
